# JRE version: OpenJDK Runtime Environment Temurin-11.0.15+10 (11.0.15+10) (build 11.0.15+10)
# Java VM: OpenJDK 64-Bit Server VM Temurin-11.0.15+10 (11.0.15+10, mixed mode, tiered, compressed oops, g1 gc, windows-amd64)
Heap:
 garbage-first heap   total 258048K, used 17482K [0x0000000704000000, 0x0000000800000000)
  region size 1024K, 6 young (6144K), 2 survivors (2048K)
 Metaspace       used 25040K, capacity 25563K, committed 25776K, reserved 1071104K
  class space    used 3016K, capacity 3221K, committed 3328K, reserved 1048576K
GC Heap History (6 events):
Event: 0.669 GC heap before
{Heap before GC invocations=0 (full 0):
 garbage-first heap   total 258048K, used 24576K [0x0000000704000000, 0x0000000800000000)
  region size 1024K, 24 young (24576K), 0 survivors (0K)
 Metaspace       used 9846K, capacity 9980K, committed 10240K, reserved 1058816K
  class space    used 949K, capacity 1008K, committed 1024K, reserved 1048576K
}
Event: 0.673 GC heap after
{Heap after GC invocations=1 (full 0):
 garbage-first heap   total 258048K, used 10577K [0x0000000704000000, 0x0000000800000000)
  region size 1024K, 3 young (3072K), 3 survivors (3072K)
 Metaspace       used 9846K, capacity 9980K, committed 10240K, reserved 1058816K
  class space    used 949K, capacity 1008K, committed 1024K, reserved 1048576K
}
Event: 1.553 GC heap before
{Heap before GC invocations=1 (full 0):
 garbage-first heap   total 258048K, used 45393K [0x0000000704000000, 0x0000000800000000)
  region size 1024K, 38 young (38912K), 3 survivors (3072K)
 Metaspace       used 20706K, capacity 21128K, committed 21296K, reserved 1069056K
  class space    used 2396K, capacity 2575K, committed 2688K, reserved 1048576K
}
Event: 1.559 GC heap after
{Heap after GC invocations=2 (full 0):
 garbage-first heap   total 258048K, used 13458K [0x0000000704000000, 0x0000000800000000)
  region size 1024K, 6 young (6144K), 6 survivors (6144K)
 Metaspace       used 20706K, capacity 21128K, committed 21296K, reserved 1069056K
  class space    used 2396K, capacity 2575K, committed 2688K, reserved 1048576K
}
Event: 2.165 GC heap before
{Heap before GC invocations=3 (full 0):
 garbage-first heap   total 258048K, used 34962K [0x0000000704000000, 0x0000000800000000)
  region size 1024K, 27 young (27648K), 6 survivors (6144K)
 Metaspace       used 24561K, capacity 25032K, committed 25136K, reserved 1071104K
  class space    used 2959K, capacity 3150K, committed 3200K, reserved 1048576K
}
Event: 2.170 GC heap after
{Heap after GC invocations=4 (full 0):
 garbage-first heap   total 258048K, used 14410K [0x0000000704000000, 0x0000000800000000)
  region size 1024K, 2 young (2048K), 2 survivors (2048K)
 Metaspace       used 24561K, capacity 25032K, committed 25136K, reserved 1071104K
  class space    used 2959K, capacity 3150K, committed 3200K, reserved 1048576K
}

