# JRE version: OpenJDK Runtime Environment Temurin-11.0.15+10 (11.0.15+10) (build 11.0.15+10)
# Java VM: OpenJDK 64-Bit Server VM Temurin-11.0.15+10 (11.0.15+10, mixed mode, tiered, compressed oops, g1 gc, windows-amd64)
Heap:
 garbage-first heap   total 258048K, used 19132K [0x0000000704000000, 0x0000000800000000)
  region size 1024K, 7 young (7168K), 2 survivors (2048K)
 Metaspace       used 24763K, capacity 25241K, committed 25468K, reserved 1079296K
  class space    used 2953K, capacity 3150K, committed 3200K, reserved 1048576K
GC Heap History (6 events):
Event: 1.088 GC heap before
{Heap before GC invocations=0 (full 0):
 garbage-first heap   total 258048K, used 24576K [0x0000000704000000, 0x0000000800000000)
  region size 1024K, 24 young (24576K), 0 survivors (0K)
 Metaspace       used 9843K, capacity 9956K, committed 10240K, reserved 1058816K
  class space    used 928K, capacity 976K, committed 1024K, reserved 1048576K
}
Event: 1.092 GC heap after
{Heap after GC invocations=1 (full 0):
 garbage-first heap   total 258048K, used 11134K [0x0000000704000000, 0x0000000800000000)
  region size 1024K, 3 young (3072K), 3 survivors (3072K)
 Metaspace       used 9843K, capacity 9956K, committed 10240K, reserved 1058816K
  class space    used 928K, capacity 976K, committed 1024K, reserved 1048576K
}
Event: 2.210 GC heap before
{Heap before GC invocations=1 (full 0):
 garbage-first heap   total 258048K, used 45950K [0x0000000704000000, 0x0000000800000000)
  region size 1024K, 38 young (38912K), 3 survivors (3072K)
 Metaspace       used 20759K, capacity 21177K, committed 21248K, reserved 1069056K
  class space    used 2380K, capacity 2543K, committed 2560K, reserved 1048576K
}
Event: 2.217 GC heap after
{Heap after GC invocations=2 (full 0):
 garbage-first heap   total 258048K, used 13812K [0x0000000704000000, 0x0000000800000000)
  region size 1024K, 6 young (6144K), 6 survivors (6144K)
 Metaspace       used 20759K, capacity 21177K, committed 21248K, reserved 1069056K
  class space    used 2380K, capacity 2543K, committed 2560K, reserved 1048576K
}
Event: 2.841 GC heap before
{Heap before GC invocations=3 (full 0):
 garbage-first heap   total 258048K, used 33268K [0x0000000704000000, 0x0000000800000000)
  region size 1024K, 26 young (26624K), 6 survivors (6144K)
 Metaspace       used 24323K, capacity 24787K, committed 24956K, reserved 1077248K
  class space    used 2901K, capacity 3084K, committed 3200K, reserved 1048576K
}
Event: 2.848 GC heap after
{Heap after GC invocations=4 (full 0):
 garbage-first heap   total 258048K, used 15036K [0x0000000704000000, 0x0000000800000000)
  region size 1024K, 2 young (2048K), 2 survivors (2048K)
 Metaspace       used 24323K, capacity 24787K, committed 24956K, reserved 1077248K
  class space    used 2901K, capacity 3084K, committed 3200K, reserved 1048576K
}

